| ?- ai_vs_ai.                                                                                                        
+-----+-----+-----+-----+-----+
|     |     |     |     |     |
+-----+-----+-----+-----+-----+
|     |     |     |     |     |
+-----+-----+-----+-----+-----+
|     |  M  |  M  |  M  |     |
+-----+-----+-----+-----+-----+
|     |     |     |     |     |
+-----+-----+-----+-----+-----+
|     |     |     |     |     |
+-----+-----+-----+-----+-----+
[[(0,n),(0,n),(0,w),(0,e),(0,e)],[(0,s),(0,s),(0,s),(0,w),(0,e)],[32,33,34],e]
Player (e) must play
Choose : 0,12,n score : 0
+-----+-----+-----+-----+-----+
|     |     |     |     |     |
+-----+-----+-----+-----+-----+
|     |     |     |     |     |
+-----+-----+-----+-----+-----+
|     |  M  |  M  |  M  |     |
+-----+-----+-----+-----+-----+
|     |     |     |     |     |
+-----+-----+-----+-----+-----+
|     | E↑  |     |     |     |
+-----+-----+-----+-----+-----+
[[(12,n),(0,n),(0,w),(0,e),(0,e)],[(0,s),(0,s),(0,s),(0,w),(0,e)],[32,33,34],r]
Player (r) must play
Choose : 0,52,s score : -15
+-----+-----+-----+-----+-----+
|     | R↓  |     |     |     |
+-----+-----+-----+-----+-----+
|     |     |     |     |     |
+-----+-----+-----+-----+-----+
|     |  M  |  M  |  M  |     |
+-----+-----+-----+-----+-----+
|     |     |     |     |     |
+-----+-----+-----+-----+-----+
|     | E↑  |     |     |     |
+-----+-----+-----+-----+-----+
[[(12,n),(0,n),(0,w),(0,e),(0,e)],[(52,s),(0,s),(0,s),(0,w),(0,e)],[32,33,34],e]
Player (e) must play
Choose : 0,12,n score : 15
+-----+-----+-----+-----+-----+
|     | R↓  |     |     |     |
+-----+-----+-----+-----+-----+
|     |     |     |     |     |
+-----+-----+-----+-----+-----+
|     |  M  |  M  |  M  |     |
+-----+-----+-----+-----+-----+
|     | E↑  |     |     |     |
+-----+-----+-----+-----+-----+
|     | E↑  |     |     |     |
+-----+-----+-----+-----+-----+
[[(22,n),(12,n),(0,w),(0,e),(0,e)],[(52,s),(0,s),(0,s),(0,w),(0,e)],[32,33,34],r]
Player (r) must play
Choose : 0,53,s score : -25
+-----+-----+-----+-----+-----+
|     | R↓  | R↓  |     |     |
+-----+-----+-----+-----+-----+
|     |     |     |     |     |
+-----+-----+-----+-----+-----+
|     |  M  |  M  |  M  |     |
+-----+-----+-----+-----+-----+
|     | E↑  |     |     |     |
+-----+-----+-----+-----+-----+
|     | E↑  |     |     |     |
+-----+-----+-----+-----+-----+
[[(22,n),(12,n),(0,w),(0,e),(0,e)],[(52,s),(53,s),(0,s),(0,w),(0,e)],[32,33,34],e]
Player (e) must play
Choose : 0,12,n score : 10
+-----+-----+-----+-----+-----+
|     | R↓  | R↓  |     |     |
+-----+-----+-----+-----+-----+
|     |  M  |     |     |     |
+-----+-----+-----+-----+-----+
|     | E↑  |  M  |  M  |     |
+-----+-----+-----+-----+-----+
|     | E↑  |     |     |     |
+-----+-----+-----+-----+-----+
|     | E↑  |     |     |     |
+-----+-----+-----+-----+-----+
[[(32,n),(22,n),(12,n),(0,e),(0,e)],[(52,s),(53,s),(0,s),(0,w),(0,e)],[42,33,34],r]
Player (r) must play
Choose : 52,51,s score : -20
+-----+-----+-----+-----+-----+
| R↓  |     | R↓  |     |     |
+-----+-----+-----+-----+-----+
|     |  M  |     |     |     |
+-----+-----+-----+-----+-----+
|     | E↑  |  M  |  M  |     |
+-----+-----+-----+-----+-----+
|     | E↑  |     |     |     |
+-----+-----+-----+-----+-----+
|     | E↑  |     |     |     |
+-----+-----+-----+-----+-----+
[[(32,n),(22,n),(12,n),(0,e),(0,e)],[(51,s),(53,s),(0,s),(0,w),(0,e)],[42,33,34],e]
Player (e) must play
Choose : 22,23,n score : 4
+-----+-----+-----+-----+-----+
| R↓  |     | R↓  |     |     |
+-----+-----+-----+-----+-----+
|     |  M  |     |     |     |
+-----+-----+-----+-----+-----+
|     | E↑  |  M  |  M  |     |
+-----+-----+-----+-----+-----+
|     |     | E↑  |     |     |
+-----+-----+-----+-----+-----+
|     | E↑  |     |     |     |
+-----+-----+-----+-----+-----+
[[(32,n),(23,n),(12,n),(0,e),(0,e)],[(51,s),(53,s),(0,s),(0,w),(0,e)],[42,33,34],r]
Player (r) must play
Choose : 0,41,e score : -14
+-----+-----+-----+-----+-----+
| R↓  |     | R↓  |     |     |
+-----+-----+-----+-----+-----+
| R→  |  M  |     |     |     |
+-----+-----+-----+-----+-----+
|     | E↑  |  M  |  M  |     |
+-----+-----+-----+-----+-----+
|     |     | E↑  |     |     |
+-----+-----+-----+-----+-----+
|     | E↑  |     |     |     |
+-----+-----+-----+-----+-----+
[[(32,n),(23,n),(12,n),(0,e),(0,e)],[(51,s),(53,s),(41,e),(0,w),(0,e)],[42,33,34],e]
Player (e) must play
Choose : 32,42,n score : 4
+-----+-----+-----+-----+-----+
| R↓  |  M  | R↓  |     |     |
+-----+-----+-----+-----+-----+
| R→  | E↑  |     |     |     |
+-----+-----+-----+-----+-----+
|     |     |  M  |  M  |     |
+-----+-----+-----+-----+-----+
|     |     | E↑  |     |     |
+-----+-----+-----+-----+-----+
|     | E↑  |     |     |     |
+-----+-----+-----+-----+-----+
[[(42,n),(23,n),(12,n),(0,e),(0,e)],[(51,s),(53,s),(41,e),(0,w),(0,e)],[52,33,34],r]
Player (r) must play
Choose : 0,51,e score : -18
+-----+-----+-----+-----+-----+
| R→  | R↓  |  M  | R↓  |     |
+-----+-----+-----+-----+-----+
| R→  | E↑  |     |     |     |
+-----+-----+-----+-----+-----+
|     |     |  M  |  M  |     |
+-----+-----+-----+-----+-----+
|     |     | E↑  |     |     |
+-----+-----+-----+-----+-----+
|     | E↑  |     |     |     |
+-----+-----+-----+-----+-----+
[[(42,n),(23,n),(12,n),(0,e),(0,e)],[(52,s),(54,s),(41,e),(51,e),(0,e)],[53,33,34],e]
Player (e) must play
Choose : 42,43,n score : 15
+-----+-----+-----+-----+-----+
| R→  | R↓  |  M  | R↓  |     |
+-----+-----+-----+-----+-----+
| R→  |     | E↑  |     |     |
+-----+-----+-----+-----+-----+
|     |     |  M  |  M  |     |
+-----+-----+-----+-----+-----+
|     |     | E↑  |     |     |
+-----+-----+-----+-----+-----+
|     | E↑  |     |     |     |
+-----+-----+-----+-----+-----+
[[(43,n),(23,n),(12,n),(0,e),(0,e)],[(52,s),(54,s),(41,e),(51,e),(0,e)],[53,33,34],r]
Player (r) must play
Choose : 51,52,e score : -25
+-----+-----+-----+-----+-----+
|     | R→  | R↓  |  M  | R↓  |
+-----+-----+-----+-----+-----+
| R→  |     | E↑  |     |     |
+-----+-----+-----+-----+-----+
|     |     |  M  |  M  |     |
+-----+-----+-----+-----+-----+
|     |     | E↑  |     |     |
+-----+-----+-----+-----+-----+
|     | E↑  |     |     |     |
+-----+-----+-----+-----+-----+
[[(43,n),(23,n),(12,n),(0,e),(0,e)],[(53,s),(55,s),(41,e),(52,e),(0,e)],[54,33,34],e]
Player (e) must play
Choose : 0,13,n score : 14
+-----+-----+-----+-----+-----+
|     | R→  | R↓  |  M  | R↓  |
+-----+-----+-----+-----+-----+
| R→  |     | E↑  |     |     |
+-----+-----+-----+-----+-----+
|     |     |  M  |  M  |     |
+-----+-----+-----+-----+-----+
|     |     | E↑  |     |     |
+-----+-----+-----+-----+-----+
|     | E↑  | E↑  |     |     |
+-----+-----+-----+-----+-----+
[[(43,n),(23,n),(12,n),(13,n),(0,e)],[(53,s),(55,s),(41,e),(52,e),(0,e)],[54,33,34],r]
Player (r) must play
Choose : 52,53,e score : -21
+-----+-----+-----+-----+-----+
|     |     | R→  | R↓  |  M  |
+-----+-----+-----+-----+-----+
| R→  |     | E↑  |     |     |
+-----+-----+-----+-----+-----+
|     |     |  M  |  M  |     |
+-----+-----+-----+-----+-----+
|     |     | E↑  |     |     |
+-----+-----+-----+-----+-----+
|     | E↑  | E↑  |     |     |
+-----+-----+-----+-----+-----+
[[(43,n),(23,n),(12,n),(13,n),(0,e)],[(54,s),(0,s),(41,e),(53,e),(0,e)],[55,33,34],e]
Player (e) must play
Choose : 0,55,s score : 10
+-----+-----+-----+-----+-----+
|     |     | R→  | R↓  | E↓  |
+-----+-----+-----+-----+-----+
| R→  |     | E↑  |     |  M  |
+-----+-----+-----+-----+-----+
|     |     |  M  |  M  |     |
+-----+-----+-----+-----+-----+
|     |     | E↑  |     |     |
+-----+-----+-----+-----+-----+
|     | E↑  | E↑  |     |     |
+-----+-----+-----+-----+-----+
[[(43,n),(23,n),(12,n),(13,n),(55,s)],[(54,s),(0,s),(41,e),(53,e),(0,e)],[45,33,34],r]
Player (r) must play
Choose : 0,45,w score : -13
+-----+-----+-----+-----+-----+
|     |     | R→  | R↓  | E↓  |
+-----+-----+-----+-----+-----+
| R→  |     | E↑  |  M  | R←  |
+-----+-----+-----+-----+-----+
|     |     |  M  |  M  |     |
+-----+-----+-----+-----+-----+
|     |     | E↑  |     |     |
+-----+-----+-----+-----+-----+
|     | E↑  | E↑  |     |     |
+-----+-----+-----+-----+-----+
[[(43,n),(23,n),(12,n),(13,n),(55,s)],[(54,s),(45,w),(41,e),(53,e),(0,e)],[44,33,34],e]
Player (e) must play
Choose : 43,43,e score : 0
+-----+-----+-----+-----+-----+
|     |     | R→  | R↓  | E↓  |
+-----+-----+-----+-----+-----+
| R→  |     | E→  |  M  | R←  |
+-----+-----+-----+-----+-----+
|     |     |  M  |  M  |     |
+-----+-----+-----+-----+-----+
|     |     | E↑  |     |     |
+-----+-----+-----+-----+-----+
|     | E↑  | E↑  |     |     |
+-----+-----+-----+-----+-----+
[[(43,e),(23,n),(12,n),(13,n),(55,s)],[(54,s),(45,w),(41,e),(53,e),(0,e)],[44,33,34],r]
Player (r) must play
Choose : 0,52,s score : -12
+-----+-----+-----+-----+-----+
|     | R↓  | R→  | R↓  | E↓  |
+-----+-----+-----+-----+-----+
| R→  |     | E→  |  M  | R←  |
+-----+-----+-----+-----+-----+
|     |     |  M  |  M  |     |
+-----+-----+-----+-----+-----+
|     |     | E↑  |     |     |
+-----+-----+-----+-----+-----+
|     | E↑  | E↑  |     |     |
+-----+-----+-----+-----+-----+
[[(43,e),(23,n),(12,n),(13,n),(55,s)],[(54,s),(45,w),(41,e),(53,e),(52,s)],[44,33,34],e]
Player (e) must play
Choose : 13,14,n score : 5
+-----+-----+-----+-----+-----+
|     | R↓  | R→  | R↓  | E↓  |
+-----+-----+-----+-----+-----+
| R→  |     | E→  |  M  | R←  |
+-----+-----+-----+-----+-----+
|     |     |  M  |  M  |     |
+-----+-----+-----+-----+-----+
|     |     | E↑  |     |     |
+-----+-----+-----+-----+-----+
|     | E↑  |     | E↑  |     |
+-----+-----+-----+-----+-----+
[[(43,e),(23,n),(12,n),(14,n),(55,s)],[(54,s),(45,w),(41,e),(53,e),(52,s)],[44,33,34],r]
Player (r) must play
Choose : 52,42,s score : -10
+-----+-----+-----+-----+-----+
|     |     | R→  | R↓  | E↓  |
+-----+-----+-----+-----+-----+
| R→  | R↓  | E→  |  M  | R←  |
+-----+-----+-----+-----+-----+
|     |     |  M  |  M  |     |
+-----+-----+-----+-----+-----+
|     |     | E↑  |     |     |
+-----+-----+-----+-----+-----+
|     | E↑  |     | E↑  |     |
+-----+-----+-----+-----+-----+
[[(43,e),(23,n),(12,n),(14,n),(55,s)],[(54,s),(45,w),(41,e),(53,e),(42,s)],[44,33,34],e]
Player (e) must play
Choose : 12,13,n score : 7
+-----+-----+-----+-----+-----+
|     |     | R→  | R↓  | E↓  |
+-----+-----+-----+-----+-----+
| R→  | R↓  | E→  |  M  | R←  |
+-----+-----+-----+-----+-----+
|     |     |  M  |  M  |     |
+-----+-----+-----+-----+-----+
|     |     | E↑  |     |     |
+-----+-----+-----+-----+-----+
|     |     | E↑  | E↑  |     |
+-----+-----+-----+-----+-----+
[[(43,e),(23,n),(13,n),(14,n),(55,s)],[(54,s),(45,w),(41,e),(53,e),(42,s)],[44,33,34],r]
Player (r) must play
Choose : 42,32,s score : -13
+-----+-----+-----+-----+-----+
|     |     | R→  | R↓  | E↓  |
+-----+-----+-----+-----+-----+
| R→  |     | E→  |  M  | R←  |
+-----+-----+-----+-----+-----+
|     | R↓  |  M  |  M  |     |
+-----+-----+-----+-----+-----+
|     |     | E↑  |     |     |
+-----+-----+-----+-----+-----+
|     |     | E↑  | E↑  |     |
+-----+-----+-----+-----+-----+
[[(43,e),(23,n),(13,n),(14,n),(55,s)],[(54,s),(45,w),(41,e),(53,e),(32,s)],[44,33,34],e]
Player (e) must play
Choose : 14,24,n score : 3
+-----+-----+-----+-----+-----+
|     |     | R→  | R↓  | E↓  |
+-----+-----+-----+-----+-----+
| R→  |     | E→  |  M  | R←  |
+-----+-----+-----+-----+-----+
|     | R↓  |  M  |  M  |     |
+-----+-----+-----+-----+-----+
|     |     | E↑  | E↑  |     |
+-----+-----+-----+-----+-----+
|     |     | E↑  |     |     |
+-----+-----+-----+-----+-----+
[[(43,e),(23,n),(13,n),(24,n),(55,s)],[(54,s),(45,w),(41,e),(53,e),(32,s)],[44,33,34],r]
Player (r) must play
Choose : 32,32,e score : -8
+-----+-----+-----+-----+-----+
|     |     | R→  | R↓  | E↓  |
+-----+-----+-----+-----+-----+
| R→  |     | E→  |  M  | R←  |
+-----+-----+-----+-----+-----+
|     | R→  |  M  |  M  |     |
+-----+-----+-----+-----+-----+
|     |     | E↑  | E↑  |     |
+-----+-----+-----+-----+-----+
|     |     | E↑  |     |     |
+-----+-----+-----+-----+-----+
[[(43,e),(23,n),(13,n),(24,n),(55,s)],[(54,s),(45,w),(41,e),(53,e),(32,e)],[44,33,34],e]
Player (e) must play
Choose : 13,12,n score : -5
+-----+-----+-----+-----+-----+
|     |     | R→  | R↓  | E↓  |
+-----+-----+-----+-----+-----+
| R→  |     | E→  |  M  | R←  |
+-----+-----+-----+-----+-----+
|     | R→  |  M  |  M  |     |
+-----+-----+-----+-----+-----+
|     |     | E↑  | E↑  |     |
+-----+-----+-----+-----+-----+
|     | E↑  |     |     |     |
+-----+-----+-----+-----+-----+
[[(43,e),(23,n),(12,n),(24,n),(55,s)],[(54,s),(45,w),(41,e),(53,e),(32,e)],[44,33,34],r]
Player (r) must play
Choose : 41,31,e score : -3
+-----+-----+-----+-----+-----+
|     |     | R→  | R↓  | E↓  |
+-----+-----+-----+-----+-----+
|     |     | E→  |  M  | R←  |
+-----+-----+-----+-----+-----+
| R→  | R→  |  M  |  M  |     |
+-----+-----+-----+-----+-----+
|     |     | E↑  | E↑  |     |
+-----+-----+-----+-----+-----+
|     | E↑  |     |     |     |
+-----+-----+-----+-----+-----+
[[(43,e),(23,n),(12,n),(24,n),(55,s)],[(54,s),(45,w),(31,e),(53,e),(32,e)],[44,33,34],e]
Player (e) must play
Choose : 23,13,n score : -7
+-----+-----+-----+-----+-----+
|     |     | R→  | R↓  | E↓  |
+-----+-----+-----+-----+-----+
|     |     | E→  |  M  | R←  |
+-----+-----+-----+-----+-----+
| R→  | R→  |  M  |  M  |     |
+-----+-----+-----+-----+-----+
|     |     |     | E↑  |     |
+-----+-----+-----+-----+-----+
|     | E↑  | E↑  |     |     |
+-----+-----+-----+-----+-----+
[[(43,e),(13,n),(12,n),(24,n),(55,s)],[(54,s),(45,w),(31,e),(53,e),(32,e)],[44,33,34],r]
Player (r) must play
Choose : 53,52,e score : -3
+-----+-----+-----+-----+-----+
|     | R→  |     | R↓  | E↓  |
+-----+-----+-----+-----+-----+
|     |     | E→  |  M  | R←  |
+-----+-----+-----+-----+-----+
| R→  | R→  |  M  |  M  |     |
+-----+-----+-----+-----+-----+
|     |     |     | E↑  |     |
+-----+-----+-----+-----+-----+
|     | E↑  | E↑  |     |     |
+-----+-----+-----+-----+-----+
[[(43,e),(13,n),(12,n),(24,n),(55,s)],[(54,s),(45,w),(31,e),(52,e),(32,e)],[44,33,34],e]
Player (e) must play
Choose : 13,23,n score : -10
+-----+-----+-----+-----+-----+
|     | R→  |     | R↓  | E↓  |
+-----+-----+-----+-----+-----+
|     |     | E→  |  M  | R←  |
+-----+-----+-----+-----+-----+
| R→  | R→  |  M  |  M  |     |
+-----+-----+-----+-----+-----+
|     |     | E↑  | E↑  |     |
+-----+-----+-----+-----+-----+
|     | E↑  |     |     |     |
+-----+-----+-----+-----+-----+
[[(43,e),(23,n),(12,n),(24,n),(55,s)],[(54,s),(45,w),(31,e),(52,e),(32,e)],[44,33,34],r]
Player (r) must play
Choose : 52,42,e score : 2
+-----+-----+-----+-----+-----+
|     |     |     | R↓  | E↓  |
+-----+-----+-----+-----+-----+
|     | R→  | E→  |  M  | R←  |
+-----+-----+-----+-----+-----+
| R→  | R→  |  M  |  M  |     |
+-----+-----+-----+-----+-----+
|     |     | E↑  | E↑  |     |
+-----+-----+-----+-----+-----+
|     | E↑  |     |     |     |
+-----+-----+-----+-----+-----+
[[(43,e),(23,n),(12,n),(24,n),(55,s)],[(54,s),(45,w),(31,e),(42,e),(32,e)],[44,33,34],e]
Player (e) must play
Choose : 12,22,n score : -10
+-----+-----+-----+-----+-----+
|     |     |     | R↓  | E↓  |
+-----+-----+-----+-----+-----+
|     | R→  | E→  |  M  | R←  |
+-----+-----+-----+-----+-----+
| R→  | R→  |  M  |  M  |     |
+-----+-----+-----+-----+-----+
|     | E↑  | E↑  | E↑  |     |
+-----+-----+-----+-----+-----+
|     |     |     |     |     |
+-----+-----+-----+-----+-----+
[[(43,e),(23,n),(22,n),(24,n),(55,s)],[(54,s),(45,w),(31,e),(42,e),(32,e)],[44,33,34],r]
Player (r) must play
Choose : 54,53,s score : 5
+-----+-----+-----+-----+-----+
|     |     | R↓  |     | E↓  |
+-----+-----+-----+-----+-----+
|     | R→  | E→  |  M  | R←  |
+-----+-----+-----+-----+-----+
| R→  | R→  |  M  |  M  |     |
+-----+-----+-----+-----+-----+
|     | E↑  | E↑  | E↑  |     |
+-----+-----+-----+-----+-----+
|     |     |     |     |     |
+-----+-----+-----+-----+-----+
[[(43,e),(23,n),(22,n),(24,n),(55,s)],[(53,s),(45,w),(31,e),(42,e),(32,e)],[44,33,34],e]
Player (e) must play
Choose : 23,13,n score : -10
+-----+-----+-----+-----+-----+
|     |     | R↓  |     | E↓  |
+-----+-----+-----+-----+-----+
|     | R→  | E→  |  M  | R←  |
+-----+-----+-----+-----+-----+
| R→  | R→  |  M  |  M  |     |
+-----+-----+-----+-----+-----+
|     | E↑  |     | E↑  |     |
+-----+-----+-----+-----+-----+
|     |     | E↑  |     |     |
+-----+-----+-----+-----+-----+
[[(43,e),(13,n),(22,n),(24,n),(55,s)],[(53,s),(45,w),(31,e),(42,e),(32,e)],[44,33,34],r]
Player (r) must play
Choose : 53,54,s score : 7
+-----+-----+-----+-----+-----+
|     |     |     | R↓  | E↓  |
+-----+-----+-----+-----+-----+
|     | R→  | E→  |  M  | R←  |
+-----+-----+-----+-----+-----+
| R→  | R→  |  M  |  M  |     |
+-----+-----+-----+-----+-----+
|     | E↑  |     | E↑  |     |
+-----+-----+-----+-----+-----+
|     |     | E↑  |     |     |
+-----+-----+-----+-----+-----+
[[(43,e),(13,n),(22,n),(24,n),(55,s)],[(54,s),(45,w),(31,e),(42,e),(32,e)],[44,33,34],e]
Player (e) must play
Choose : 13,23,n score : -10
+-----+-----+-----+-----+-----+
|     |     |     | R↓  | E↓  |
+-----+-----+-----+-----+-----+
|     | R→  | E→  |  M  | R←  |
+-----+-----+-----+-----+-----+
| R→  | R→  |  M  |  M  |     |
+-----+-----+-----+-----+-----+
|     | E↑  | E↑  | E↑  |     |
+-----+-----+-----+-----+-----+
|     |     |     |     |     |
+-----+-----+-----+-----+-----+
[[(43,e),(23,n),(22,n),(24,n),(55,s)],[(54,s),(45,w),(31,e),(42,e),(32,e)],[44,33,34],r]
Player (r) must play
Choose : 54,53,s score : 5
+-----+-----+-----+-----+-----+
|     |     | R↓  |     | E↓  |
+-----+-----+-----+-----+-----+
|     | R→  | E→  |  M  | R←  |
+-----+-----+-----+-----+-----+
| R→  | R→  |  M  |  M  |     |
+-----+-----+-----+-----+-----+
|     | E↑  | E↑  | E↑  |     |
+-----+-----+-----+-----+-----+
|     |     |     |     |     |
+-----+-----+-----+-----+-----+
[[(43,e),(23,n),(22,n),(24,n),(55,s)],[(53,s),(45,w),(31,e),(42,e),(32,e)],[44,33,34],e]
Player (e) must play
Choose : 23,13,n score : -10
+-----+-----+-----+-----+-----+
|     |     | R↓  |     | E↓  |
+-----+-----+-----+-----+-----+
|     | R→  | E→  |  M  | R←  |
+-----+-----+-----+-----+-----+
| R→  | R→  |  M  |  M  |     |
+-----+-----+-----+-----+-----+
|     | E↑  |     | E↑  |     |
+-----+-----+-----+-----+-----+
|     |     | E↑  |     |     |
+-----+-----+-----+-----+-----+
[[(43,e),(13,n),(22,n),(24,n),(55,s)],[(53,s),(45,w),(31,e),(42,e),(32,e)],[44,33,34],r]
Player (r) must play
Choose : 53,54,s score : 7
+-----+-----+-----+-----+-----+
|     |     |     | R↓  | E↓  |
+-----+-----+-----+-----+-----+
|     | R→  | E→  |  M  | R←  |
+-----+-----+-----+-----+-----+
| R→  | R→  |  M  |  M  |     |
+-----+-----+-----+-----+-----+
|     | E↑  |     | E↑  |     |
+-----+-----+-----+-----+-----+
|     |     | E↑  |     |     |
+-----+-----+-----+-----+-----+
[[(43,e),(13,n),(22,n),(24,n),(55,s)],[(54,s),(45,w),(31,e),(42,e),(32,e)],[44,33,34],e]
Player (e) must play
Choose : 13,23,n score : -10
+-----+-----+-----+-----+-----+
|     |     |     | R↓  | E↓  |
+-----+-----+-----+-----+-----+
|     | R→  | E→  |  M  | R←  |
+-----+-----+-----+-----+-----+
| R→  | R→  |  M  |  M  |     |
+-----+-----+-----+-----+-----+
|     | E↑  | E↑  | E↑  |     |
+-----+-----+-----+-----+-----+
|     |     |     |     |     |
+-----+-----+-----+-----+-----+
[[(43,e),(23,n),(22,n),(24,n),(55,s)],[(54,s),(45,w),(31,e),(42,e),(32,e)],[44,33,34],r]
Player (r) must play
Choose : 54,53,s score : 5
+-----+-----+-----+-----+-----+
|     |     | R↓  |     | E↓  |
+-----+-----+-----+-----+-----+
|     | R→  | E→  |  M  | R←  |
+-----+-----+-----+-----+-----+
| R→  | R→  |  M  |  M  |     |
+-----+-----+-----+-----+-----+
|     | E↑  | E↑  | E↑  |     |
+-----+-----+-----+-----+-----+
|     |     |     |     |     |
+-----+-----+-----+-----+-----+
[[(43,e),(23,n),(22,n),(24,n),(55,s)],[(53,s),(45,w),(31,e),(42,e),(32,e)],[44,33,34],e]
Player (e) must play
^C

